info it worked if it ends with ok
verbose cli [ '/home/cloud9/c9/support/node-c9-builds-v4/node-c9-sunos',
verbose cli   '/home/ide_podviaznikov/workspaces/npm/bin/npm.js',
verbose cli   'install',
verbose cli   'restler' ]
info using npm@1.0.1rc6
info using node@v0.4.5
verbose config file /home/cloud9/.npmrc
verbose config file /home/cloud9/c9/support/etc/npmrc
info into /mnt/ws/users/podviaznikov/57469 [ 'restler' ]
verbose cache add [ 'restler', null ]
info addNamed [ 'restler', '' ]
verbose addNamed [ null, '' ]
verbose GET restler
verbose raw, before any munging restler
verbose url resolving [ 'http://registry.npmjs.org/', './restler' ]
verbose url resolved http://registry.npmjs.org/restler
verbose url parsed { protocol: 'http:',
verbose url parsed   slashes: true,
verbose url parsed   host: 'registry.npmjs.org',
verbose url parsed   hostname: 'registry.npmjs.org',
verbose url parsed   pathname: '/restler',
verbose url parsed   href: 'http://registry.npmjs.org/restler' }
verbose etag "BAYRWU4LY6DSRTMXJ5NX6K0HD"
verbose response http://registry.npmjs.org/restler
silly get cb [ 304,
silly get cb   { server: 'CouchDB/1.1.0 (Erlang OTP/R14B03)',
silly get cb     etag: '"BAYRWU4LY6DSRTMXJ5NX6K0HD"',
silly get cb     date: 'Sun, 03 Jul 2011 14:02:44 GMT',
silly get cb     'content-length': '0' } ]
verbose etag restler from cache
verbose GET restler/0.2.1
verbose raw, before any munging restler/0.2.1
verbose url resolving [ 'http://registry.npmjs.org/', './restler/0.2.1' ]
verbose url resolved http://registry.npmjs.org/restler/0.2.1
verbose url parsed { protocol: 'http:',
verbose url parsed   slashes: true,
verbose url parsed   host: 'registry.npmjs.org',
verbose url parsed   hostname: 'registry.npmjs.org',
verbose url parsed   pathname: '/restler/0.2.1',
verbose url parsed   href: 'http://registry.npmjs.org/restler/0.2.1' }
verbose etag "BAYRWU4LY6DSRTMXJ5NX6K0HD"
verbose response http://registry.npmjs.org/restler/0.2.1
silly get cb [ 304,
silly get cb   { server: 'CouchDB/1.1.0 (Erlang OTP/R14B03)',
silly get cb     etag: '"BAYRWU4LY6DSRTMXJ5NX6K0HD"',
silly get cb     date: 'Sun, 03 Jul 2011 14:02:44 GMT',
silly get cb     'content-length': '0' } ]
verbose etag restler/0.2.1 from cache
verbose bin dist [ '0.4-sunos-5.11',
verbose bin dist   { shasum: 'be7d9fe84e44464d4e85c45b4d03cf8a65d6e7b4',
verbose bin dist     tarball: 'http://registry.npmjs.org/restler/-/restler-0.2.1.tgz' } ]
verbose addRemoteTarball [ 'http://registry.npmjs.org/restler/-/restler-0.2.1.tgz',
verbose addRemoteTarball   'be7d9fe84e44464d4e85c45b4d03cf8a65d6e7b4' ]
verbose mkdir done: /tmp/npm-1309701764493/1309701764493-0.6826693341135979
info fetch http://registry.npmjs.org/restler/-/restler-0.2.1.tgz
verbose fetch to /tmp/npm-1309701764493/1309701764493-0.6826693341135979/tmp.tgz
ERR! failed to fetch http://registry.npmjs.org/restler/-/restler-0.2.1.tgz
ERR! { stack: [Getter/Setter],
ERR!   arguments: undefined,
ERR!   type: undefined,
ERR!   message: 'ENOSPC, No space left on device',
ERR!   errno: 28,
ERR!   code: 'ENOSPC' }
ERR! Report this *entire* log at:
ERR!     <http://github.com/isaacs/npm/issues>
ERR! or email it to:
ERR!     <npm-@googlegroups.com>
ERR! 
ERR! System SunOS 5.11
ERR! command "/home/cloud9/c9/support/node-c9-builds-v4/node-c9-sunos" "/home/ide_podviaznikov/workspaces/npm/bin/npm.js" "install" "restler"
verbose exit [ 28, true ]
